{"/Users/Thomas/Development/lukkien/open-source/redux-needs/src/create-component.js": {"path":"/Users/Thomas/Development/lukkien/open-source/redux-needs/src/create-component.js","statementMap":{"0":{"start":{"line":7,"column":26},"end":{"line":10,"column":13}},"1":{"start":{"line":12,"column":12},"end":{"line":12,"column":50}},"2":{"start":{"line":16,"column":12},"end":{"line":25,"column":14}},"3":{"start":{"line":29,"column":31},"end":{"line":32,"column":13}},"4":{"start":{"line":33,"column":12},"end":{"line":33,"column":49}},"5":{"start":{"line":37,"column":4},"end":{"line":39,"column":5}},"6":{"start":{"line":38,"column":8},"end":{"line":38,"column":61}},"7":{"start":{"line":41,"column":4},"end":{"line":44,"column":6}},"8":{"start":{"line":46,"column":4},"end":{"line":46,"column":26}}},"fnMap":{"0":{"name":"(anonymous_0)","decl":{"start":{"line":4,"column":15},"end":{"line":4,"column":16}},"loc":{"start":{"line":4,"column":30},"end":{"line":47,"column":1}},"line":4},"1":{"name":"(anonymous_1)","decl":{"start":{"line":6,"column":8},"end":{"line":6,"column":9}},"loc":{"start":{"line":6,"column":28},"end":{"line":13,"column":9}},"line":6},"2":{"name":"(anonymous_2)","decl":{"start":{"line":15,"column":8},"end":{"line":15,"column":9}},"loc":{"start":{"line":15,"column":39},"end":{"line":26,"column":9}},"line":15},"3":{"name":"(anonymous_3)","decl":{"start":{"line":28,"column":8},"end":{"line":28,"column":9}},"loc":{"start":{"line":28,"column":17},"end":{"line":34,"column":9}},"line":28}},"branchMap":{"0":{"loc":{"start":{"line":37,"column":4},"end":{"line":39,"column":5}},"type":"if","locations":[{"start":{"line":37,"column":4},"end":{"line":39,"column":5}},{"start":{"line":37,"column":4},"end":{"line":39,"column":5}}],"line":37},"1":{"loc":{"start":{"line":42,"column":12},"end":{"line":42,"column":37}},"type":"binary-expr","locations":[{"start":{"line":42,"column":12},"end":{"line":42,"column":31}},{"start":{"line":42,"column":35},"end":{"line":42,"column":37}}],"line":42}},"s":{"0":6,"1":6,"2":1,"3":7,"4":7,"5":7,"6":1,"7":7,"8":7},"f":{"0":7,"1":6,"2":1,"3":7},"b":{"0":[1,6],"1":[7,6]},"_coverageSchema":"332fd63041d2c1bcb487cc26dd0d5f7d97098a6c","hash":"0c701749ae874bc8053c22251274bbabf65cba13"}
,"/Users/Thomas/Development/lukkien/open-source/redux-needs/src/dispatcher.js": {"path":"/Users/Thomas/Development/lukkien/open-source/redux-needs/src/dispatcher.js","statementMap":{"0":{"start":{"line":4,"column":47},"end":{"line":33,"column":1}},"1":{"start":{"line":5,"column":4},"end":{"line":15,"column":5}},"2":{"start":{"line":7,"column":8},"end":{"line":9,"column":9}},"3":{"start":{"line":8,"column":12},"end":{"line":8,"column":37}},"4":{"start":{"line":11,"column":8},"end":{"line":14,"column":12}},"5":{"start":{"line":17,"column":26},"end":{"line":17,"column":64}},"6":{"start":{"line":18,"column":19},"end":{"line":18,"column":45}},"7":{"start":{"line":20,"column":4},"end":{"line":23,"column":5}},"8":{"start":{"line":22,"column":8},"end":{"line":22,"column":32}},"9":{"start":{"line":25,"column":22},"end":{"line":25,"column":56}},"10":{"start":{"line":28,"column":4},"end":{"line":30,"column":5}},"11":{"start":{"line":29,"column":8},"end":{"line":29,"column":32}},"12":{"start":{"line":32,"column":4},"end":{"line":32,"column":29}}},"fnMap":{"0":{"name":"(anonymous_0)","decl":{"start":{"line":4,"column":15},"end":{"line":4,"column":16}},"loc":{"start":{"line":4,"column":47},"end":{"line":33,"column":1}},"line":4},"1":{"name":"(anonymous_1)","decl":{"start":{"line":4,"column":47},"end":{"line":4,"column":48}},"loc":{"start":{"line":4,"column":57},"end":{"line":33,"column":1}},"line":4}},"branchMap":{"0":{"loc":{"start":{"line":5,"column":4},"end":{"line":15,"column":5}},"type":"if","locations":[{"start":{"line":5,"column":4},"end":{"line":15,"column":5}},{"start":{"line":5,"column":4},"end":{"line":15,"column":5}}],"line":5},"1":{"loc":{"start":{"line":7,"column":8},"end":{"line":9,"column":9}},"type":"if","locations":[{"start":{"line":7,"column":8},"end":{"line":9,"column":9}},{"start":{"line":7,"column":8},"end":{"line":9,"column":9}}],"line":7},"2":{"loc":{"start":{"line":17,"column":36},"end":{"line":17,"column":52}},"type":"binary-expr","locations":[{"start":{"line":17,"column":36},"end":{"line":17,"column":46}},{"start":{"line":17,"column":50},"end":{"line":17,"column":52}}],"line":17},"3":{"loc":{"start":{"line":20,"column":4},"end":{"line":23,"column":5}},"type":"if","locations":[{"start":{"line":20,"column":4},"end":{"line":23,"column":5}},{"start":{"line":20,"column":4},"end":{"line":23,"column":5}}],"line":20},"4":{"loc":{"start":{"line":25,"column":32},"end":{"line":25,"column":48}},"type":"binary-expr","locations":[{"start":{"line":25,"column":32},"end":{"line":25,"column":42}},{"start":{"line":25,"column":46},"end":{"line":25,"column":48}}],"line":25},"5":{"loc":{"start":{"line":28,"column":4},"end":{"line":30,"column":5}},"type":"if","locations":[{"start":{"line":28,"column":4},"end":{"line":30,"column":5}},{"start":{"line":28,"column":4},"end":{"line":30,"column":5}}],"line":28},"6":{"loc":{"start":{"line":28,"column":8},"end":{"line":28,"column":62}},"type":"binary-expr","locations":[{"start":{"line":28,"column":8},"end":{"line":28,"column":19}},{"start":{"line":28,"column":23},"end":{"line":28,"column":62}}],"line":28}},"s":{"0":9,"1":15,"2":4,"3":1,"4":3,"5":11,"6":11,"7":11,"8":7,"9":4,"10":4,"11":3,"12":1},"f":{"0":9,"1":15},"b":{"0":[4,11],"1":[1,3],"2":[11,2],"3":[7,4],"4":[4,1],"5":[3,1],"6":[4,3]},"_coverageSchema":"332fd63041d2c1bcb487cc26dd0d5f7d97098a6c","hash":"7f35077682f23712a283ffa43c47c67bca131e16"}
,"/Users/Thomas/Development/lukkien/open-source/redux-needs/src/map-params.js": {"path":"/Users/Thomas/Development/lukkien/open-source/redux-needs/src/map-params.js","statementMap":{"0":{"start":{"line":2,"column":4},"end":{"line":2,"column":72}},"1":{"start":{"line":2,"column":36},"end":{"line":2,"column":66}}},"fnMap":{"0":{"name":"(anonymous_0)","decl":{"start":{"line":1,"column":15},"end":{"line":1,"column":16}},"loc":{"start":{"line":2,"column":4},"end":{"line":2,"column":72}},"line":2},"1":{"name":"(anonymous_1)","decl":{"start":{"line":2,"column":21},"end":{"line":2,"column":22}},"loc":{"start":{"line":2,"column":36},"end":{"line":2,"column":66}},"line":2}},"branchMap":{},"s":{"0":18,"1":20},"f":{"0":18,"1":20},"b":{},"_coverageSchema":"332fd63041d2c1bcb487cc26dd0d5f7d97098a6c","hash":"3f71dd1ff4de4c013fab828180c70ad672cbc4ed"}
,"/Users/Thomas/Development/lukkien/open-source/redux-needs/src/needs.js": {"path":"/Users/Thomas/Development/lukkien/open-source/redux-needs/src/needs.js","statementMap":{"0":{"start":{"line":6,"column":24},"end":{"line":14,"column":33}},"1":{"start":{"line":7,"column":4},"end":{"line":14,"column":33}},"2":{"start":{"line":9,"column":21},"end":{"line":13,"column":9}},"3":{"start":{"line":10,"column":49},"end":{"line":12,"column":13}}},"fnMap":{"0":{"name":"(anonymous_0)","decl":{"start":{"line":6,"column":15},"end":{"line":6,"column":16}},"loc":{"start":{"line":6,"column":24},"end":{"line":14,"column":33}},"line":6},"1":{"name":"(anonymous_1)","decl":{"start":{"line":6,"column":24},"end":{"line":6,"column":25}},"loc":{"start":{"line":7,"column":4},"end":{"line":14,"column":33}},"line":7},"2":{"name":"(anonymous_2)","decl":{"start":{"line":9,"column":8},"end":{"line":9,"column":9}},"loc":{"start":{"line":9,"column":21},"end":{"line":13,"column":9}},"line":9},"3":{"name":"(anonymous_3)","decl":{"start":{"line":10,"column":27},"end":{"line":10,"column":28}},"loc":{"start":{"line":10,"column":49},"end":{"line":12,"column":13}},"line":10}},"branchMap":{},"s":{"0":5,"1":5,"2":5,"3":5},"f":{"0":5,"1":5,"2":5,"3":5},"b":{},"_coverageSchema":"332fd63041d2c1bcb487cc26dd0d5f7d97098a6c","hash":"24375b918aa2a928846e966e3d05b46fda31c8d6"}
}
