TN:
SF:/Users/Thomas/Development/lukkien/open-source/redux-needs/src/create-component.js
FN:4,(anonymous_0)
FN:6,(anonymous_1)
FN:15,(anonymous_2)
FN:28,(anonymous_3)
FNF:4
FNH:4
FNDA:7,(anonymous_0)
FNDA:6,(anonymous_1)
FNDA:1,(anonymous_2)
FNDA:7,(anonymous_3)
DA:7,6
DA:12,6
DA:16,1
DA:29,7
DA:33,7
DA:37,7
DA:38,1
DA:41,7
DA:46,7
LF:9
LH:9
BRDA:37,0,0,1
BRDA:37,0,1,6
BRDA:42,1,0,7
BRDA:42,1,1,6
BRF:4
BRH:4
end_of_record
TN:
SF:/Users/Thomas/Development/lukkien/open-source/redux-needs/src/dispatcher.js
FN:4,(anonymous_0)
FN:4,(anonymous_1)
FNF:2
FNH:2
FNDA:9,(anonymous_0)
FNDA:15,(anonymous_1)
DA:4,9
DA:5,15
DA:7,4
DA:8,1
DA:11,3
DA:17,11
DA:18,11
DA:20,11
DA:22,7
DA:25,4
DA:28,4
DA:29,3
DA:32,1
LF:13
LH:13
BRDA:5,0,0,4
BRDA:5,0,1,11
BRDA:7,1,0,1
BRDA:7,1,1,3
BRDA:17,2,0,11
BRDA:17,2,1,2
BRDA:20,3,0,7
BRDA:20,3,1,4
BRDA:25,4,0,4
BRDA:25,4,1,1
BRDA:28,5,0,3
BRDA:28,5,1,1
BRDA:28,6,0,4
BRDA:28,6,1,3
BRF:14
BRH:14
end_of_record
TN:
SF:/Users/Thomas/Development/lukkien/open-source/redux-needs/src/map-params.js
FN:1,(anonymous_0)
FN:2,(anonymous_1)
FNF:2
FNH:2
FNDA:18,(anonymous_0)
FNDA:20,(anonymous_1)
DA:2,20
LF:1
LH:1
BRF:0
BRH:0
end_of_record
TN:
SF:/Users/Thomas/Development/lukkien/open-source/redux-needs/src/needs.js
FN:6,(anonymous_0)
FN:6,(anonymous_1)
FN:9,(anonymous_2)
FN:10,(anonymous_3)
FNF:4
FNH:4
FNDA:5,(anonymous_0)
FNDA:5,(anonymous_1)
FNDA:5,(anonymous_2)
FNDA:5,(anonymous_3)
DA:6,5
DA:7,5
DA:9,5
DA:10,5
LF:4
LH:4
BRF:0
BRH:0
end_of_record
